#
# There is insufficient memory for the Java Runtime Environment to continue.
# Native memory allocation (malloc) failed to allocate 32744 bytes for ChunkPool::allocate
# Possible reasons:
#   The system is out of physical RAM or swap space
#   The process is running with CompressedOops enabled, and the Java Heap may be blocking the growth of the native heap
# Possible solutions:
#   Reduce memory load on the system
#   Increase physical memory or swap space
#   Check if swap backing store is full
#   Decrease Java heap size (-Xmx/-Xms)
#   Decrease number of Java threads
#   Decrease Java thread stack sizes (-Xss)
#   Set larger code cache with -XX:ReservedCodeCacheSize=
#   JVM is running with Zero Based Compressed Oops mode in which the Java heap is
#     placed in the first 32GB address space. The Java Heap base address is the
#     maximum limit for the native heap growth. Please use -XX:HeapBaseMinAddress
#     to set the Java Heap base and to place the Java Heap above 32GB virtual address.
# This output file may be truncated or incomplete.
#
#  Out of Memory Error (arena.cpp:78), pid=20064, tid=23536
#
# JRE version: Java(TM) SE Runtime Environment (17.0.6+9) (build 17.0.6+9-LTS-190)
# Java VM: Java HotSpot(TM) 64-Bit Server VM (17.0.6+9-LTS-190, mixed mode, sharing, tiered, compressed oops, compressed class ptrs, g1 gc, windows-amd64)
# No core dump will be written. Minidumps are not enabled by default on client versions of Windows
#

---------------  S U M M A R Y ------------

Command Line: -javaagent:C:\Program Files\JetBrains\IntelliJ IDEA Community Edition 2022.3.2\lib\idea_rt.jar=63491:C:\Program Files\JetBrains\IntelliJ IDEA Community Edition 2022.3.2\bin -Dfile.encoding=UTF-8 --module-path=C:\Users\santi\.m2\repository\org\openjfx\javafx-fxml\20.0.1\javafx-fxml-20.0.1-win.jar;C:\Users\santi\.m2\repository\org\openjfx\javafx-graphics\20.0.1\javafx-graphics-20.0.1-win.jar;C:\Users\santi\Jeremias\Universidad\QuintoSemestre\Software\proyecto-final\ws\ProyectoPanaderiaTT\target\classes;C:\Users\santi\.m2\repository\org\openjfx\javafx-base\20.0.1\javafx-base-20.0.1-win.jar;C:\Users\santi\.m2\repository\org\openjfx\javafx-controls\20.0.1\javafx-controls-20.0.1-win.jar;C:\Users\santi\.m2\repository\com\sun\activation\jakarta.activation\1.2.1\jakarta.activation-1.2.1.jar;C:\Users\santi\.m2\repository\com\sun\mail\jakarta.mail\1.6.7\jakarta.mail-1.6.7.jar -Djdk.module.main=com.proyect.proyectopanaderiatt com.proyect.proyectopanaderiatt/com.proyect.proyectopanaderiatt.Application.Application

Host: AMD Ryzen 5 5600X 6-Core Processor             , 12 cores, 15G,  Windows 10 , 64 bit Build 19041 (10.0.19041.3393)
Time: Sun Oct  8 23:49:10 2023 Hora est. Pacífico, Sudamérica elapsed time: 0.675843 seconds (0d 0h 0m 0s)

---------------  T H R E A D  ---------------

Current thread (0x0000020e35007500):  JavaThread "C2 CompilerThread0" daemon [_thread_in_native, id=23536, stack(0x000000b9ecb00000,0x000000b9ecc00000)]


Current CompileTask:
C2:    676 1519       4       java.util.AbstractList::<init> (10 bytes)

Stack: [0x000000b9ecb00000,0x000000b9ecc00000]
Native frames: (J=compiled Java code, j=interpreted, Vv=VM code, C=native code)
V  [jvm.dll+0x6734ea]
V  [jvm.dll+0x7d18f4]
V  [jvm.dll+0x7d309e]
V  [jvm.dll+0x7d3703]
V  [jvm.dll+0x2433c5]
V  [jvm.dll+0xaa6c0]
V  [jvm.dll+0xaaa0c]
V  [jvm.dll+0x697030]
V  [jvm.dll+0x2149cf]
V  [jvm.dll+0x1a1730]
V  [jvm.dll+0x224b6e]
V  [jvm.dll+0x222f15]
V  [jvm.dll+0x78753c]
V  [jvm.dll+0x781a7a]
V  [jvm.dll+0x672375]
C  [ucrtbase.dll+0x21bb2]
C  [KERNEL32.DLL+0x17344]
C  [ntdll.dll+0x526b1]


---------------  P R O C E S S  ---------------

Threads class SMR info:
_java_thread_list=0x0000020e3e7038d0, length=21, elements={
0x0000020e0f4b12b0, 0x0000020e3464a3b0, 0x0000020e3464b220, 0x0000020e3465bd50,
0x0000020e3465c900, 0x0000020e3465d9c0, 0x0000020e35004290, 0x0000020e35007500,
0x0000020e3501a0b0, 0x0000020e35021c70, 0x0000020e350025b0, 0x0000020e3501c420,
0x0000020e3501bf10, 0x0000020e35002a80, 0x0000020e35004c30, 0x0000020e35002f50,
0x0000020e35005100, 0x0000020e35003420, 0x0000020e350038f0, 0x0000020e350055d0,
0x0000020e35003dc0
}

Java Threads: ( => current thread )
  0x0000020e0f4b12b0 JavaThread "main" [_thread_blocked, id=2696, stack(0x000000b9ebe00000,0x000000b9ebf00000)]
  0x0000020e3464a3b0 JavaThread "Reference Handler" daemon [_thread_blocked, id=2256, stack(0x000000b9ec500000,0x000000b9ec600000)]
  0x0000020e3464b220 JavaThread "Finalizer" daemon [_thread_blocked, id=20976, stack(0x000000b9ec600000,0x000000b9ec700000)]
  0x0000020e3465bd50 JavaThread "Signal Dispatcher" daemon [_thread_blocked, id=23076, stack(0x000000b9ec700000,0x000000b9ec800000)]
  0x0000020e3465c900 JavaThread "Attach Listener" daemon [_thread_blocked, id=8988, stack(0x000000b9ec800000,0x000000b9ec900000)]
  0x0000020e3465d9c0 JavaThread "Service Thread" daemon [_thread_blocked, id=4012, stack(0x000000b9ec900000,0x000000b9eca00000)]
  0x0000020e35004290 JavaThread "Monitor Deflation Thread" daemon [_thread_blocked, id=22644, stack(0x000000b9eca00000,0x000000b9ecb00000)]
=>0x0000020e35007500 JavaThread "C2 CompilerThread0" daemon [_thread_in_native, id=23536, stack(0x000000b9ecb00000,0x000000b9ecc00000)]
  0x0000020e3501a0b0 JavaThread "C1 CompilerThread0" daemon [_thread_blocked, id=10820, stack(0x000000b9ecc00000,0x000000b9ecd00000)]
  0x0000020e35021c70 JavaThread "Sweeper thread" daemon [_thread_blocked, id=19588, stack(0x000000b9ecd00000,0x000000b9ece00000)]
  0x0000020e350025b0 JavaThread "Common-Cleaner" daemon [_thread_blocked, id=2312, stack(0x000000b9ece00000,0x000000b9ecf00000)]
  0x0000020e3501c420 JavaThread "C2 CompilerThread1" daemon [_thread_blocked, id=10428, stack(0x000000b9ecf00000,0x000000b9ed000000)]
  0x0000020e3501bf10 JavaThread "C2 CompilerThread2" daemon [_thread_blocked, id=19452, stack(0x000000b9ed000000,0x000000b9ed100000)]
  0x0000020e35002a80 JavaThread "Monitor Ctrl-Break" daemon [_thread_in_native, id=4960, stack(0x000000b9ed100000,0x000000b9ed200000)]
  0x0000020e35004c30 JavaThread "Notification Thread" daemon [_thread_blocked, id=7016, stack(0x000000b9ed200000,0x000000b9ed300000)]
  0x0000020e35002f50 JavaThread "QuantumRenderer-0" daemon [_thread_blocked, id=22260, stack(0x000000b9ed400000,0x000000b9ed500000)]
  0x0000020e35005100 JavaThread "InvokeLaterDispatcher" daemon [_thread_blocked, id=23064, stack(0x000000b9ed600000,0x000000b9ed700000)]
  0x0000020e35003420 JavaThread "JavaFX Application Thread" [_thread_in_Java, id=9224, stack(0x000000b9ed700000,0x000000b9ed800000)]
  0x0000020e350038f0 JavaThread "JavaFX-Launcher" [_thread_blocked, id=12884, stack(0x000000b9eda00000,0x000000b9edb00000)]
  0x0000020e350055d0 JavaThread "Thread-2" daemon [_thread_in_native, id=5020, stack(0x000000b9ed900000,0x000000b9eda00000)]
  0x0000020e35003dc0 JavaThread "Prism Font Disposer" daemon [_thread_blocked, id=21352, stack(0x000000b9ee300000,0x000000b9ee400000)]

Other Threads:
  0x0000020e34644ef0 VMThread "VM Thread" [stack: 0x000000b9ec400000,0x000000b9ec500000] [id=9600]
  0x0000020e0f534750 WatcherThread [stack: 0x000000b9ed300000,0x000000b9ed400000] [id=20848]
  0x0000020e0f51b6c0 GCTaskThread "GC Thread#0" [stack: 0x000000b9ebf00000,0x000000b9ec000000] [id=14000]
  0x0000020e360b01b0 GCTaskThread "GC Thread#1" [stack: 0x000000b9edb00000,0x000000b9edc00000] [id=13604]
  0x0000020e3604da90 GCTaskThread "GC Thread#2" [stack: 0x000000b9edc00000,0x000000b9edd00000] [id=21028]
  0x0000020e36073de0 GCTaskThread "GC Thread#3" [stack: 0x000000b9edd00000,0x000000b9ede00000] [id=22816]
  0x0000020e3604e5a0 GCTaskThread "GC Thread#4" [stack: 0x000000b9ede00000,0x000000b9edf00000] [id=3128]
  0x0000020e3609a300 GCTaskThread "GC Thread#5" [stack: 0x000000b9edf00000,0x000000b9ee000000] [id=20088]
  0x0000020e0f52c450 ConcurrentGCThread "G1 Main Marker" [stack: 0x000000b9ec000000,0x000000b9ec100000] [id=17968]
  0x0000020e0f52d600 ConcurrentGCThread "G1 Conc#0" [stack: 0x000000b9ec100000,0x000000b9ec200000] [id=6552]
  0x0000020e0f58e650 ConcurrentGCThread "G1 Refine#0" [stack: 0x000000b9ec200000,0x000000b9ec300000] [id=22376]
  0x0000020e345022d0 ConcurrentGCThread "G1 Service" [stack: 0x000000b9ec300000,0x000000b9ec400000] [id=9576]

Threads with active compile tasks:
C2 CompilerThread0      695 1519       4       java.util.AbstractList::<init> (10 bytes)

VM state: not at safepoint (normal execution)

VM Mutex/Monitor currently owned by a thread: None

Heap address: 0x0000000701a00000, size: 4070 MB, Compressed Oops mode: Zero based, Oop shift amount: 3

CDS archive(s) mapped at: [0x0000000800000000-0x0000000800bd0000-0x0000000800bd0000), size 12386304, SharedBaseAddress: 0x0000000800000000, ArchiveRelocationMode: 0.
Compressed class space mapped at: 0x0000000800c00000-0x0000000840c00000, reserved size: 1073741824
Narrow klass base: 0x0000000800000000, Narrow klass shift: 0, Narrow klass range: 0x100000000

GC Precious Log:
 CPUs: 12 total, 12 available
 Memory: 16274M
 Large Page Support: Disabled
 NUMA Support: Disabled
 Compressed Oops: Enabled (Zero based)
 Heap Region Size: 2M
 Heap Min Capacity: 8M
 Heap Initial Capacity: 256M
 Heap Max Capacity: 4070M
 Pre-touch: Disabled
 Parallel Workers: 10
 Concurrent Workers: 3
 Concurrent Refinement Workers: 10
 Periodic GC: Disabled

Heap:
 garbage-first heap   total 262144K, used 33500K [0x0000000701a00000, 0x0000000800000000)
  region size 2048K, 18 young (36864K), 2 survivors (4096K)
 Metaspace       used 13521K, committed 13824K, reserved 1064960K
  class space    used 2135K, committed 2304K, reserved 1048576K

Heap Regions: E=young(eden), S=young(survivor), O=old, HS=humongous(starts), HC=humongous(continues), CS=collection set, F=free, OA=open archive, CA=closed archive, TAMS=top-at-mark-start (previous, next)
|   0|0x0000000701a00000, 0x0000000701a00000, 0x0000000701c00000|  0%| F|  |TAMS 0x0000000701a00000, 0x0000000701a00000| Untracked 
|   1|0x0000000701c00000, 0x0000000701c00000, 0x0000000701e00000|  0%| F|  |TAMS 0x0000000701c00000, 0x0000000701c00000| Untracked 
|   2|0x0000000701e00000, 0x0000000701e00000, 0x0000000702000000|  0%| F|  |TAMS 0x0000000701e00000, 0x0000000701e00000| Untracked 
|   3|0x0000000702000000, 0x0000000702000000, 0x0000000702200000|  0%| F|  |TAMS 0x0000000702000000, 0x0000000702000000| Untracked 
|   4|0x0000000702200000, 0x0000000702200000, 0x0000000702400000|  0%| F|  |TAMS 0x0000000702200000, 0x0000000702200000| Untracked 
|   5|0x0000000702400000, 0x0000000702400000, 0x0000000702600000|  0%| F|  |TAMS 0x0000000702400000, 0x0000000702400000| Untracked 
|   6|0x0000000702600000, 0x0000000702600000, 0x0000000702800000|  0%| F|  |TAMS 0x0000000702600000, 0x0000000702600000| Untracked 
|   7|0x0000000702800000, 0x0000000702800000, 0x0000000702a00000|  0%| F|  |TAMS 0x0000000702800000, 0x0000000702800000| Untracked 
|   8|0x0000000702a00000, 0x0000000702a00000, 0x0000000702c00000|  0%| F|  |TAMS 0x0000000702a00000, 0x0000000702a00000| Untracked 
|   9|0x0000000702c00000, 0x0000000702c00000, 0x0000000702e00000|  0%| F|  |TAMS 0x0000000702c00000, 0x0000000702c00000| Untracked 
|  10|0x0000000702e00000, 0x0000000702e00000, 0x0000000703000000|  0%| F|  |TAMS 0x0000000702e00000, 0x0000000702e00000| Untracked 
|  11|0x0000000703000000, 0x0000000703000000, 0x0000000703200000|  0%| F|  |TAMS 0x0000000703000000, 0x0000000703000000| Untracked 
|  12|0x0000000703200000, 0x0000000703200000, 0x0000000703400000|  0%| F|  |TAMS 0x0000000703200000, 0x0000000703200000| Untracked 
|  13|0x0000000703400000, 0x0000000703400000, 0x0000000703600000|  0%| F|  |TAMS 0x0000000703400000, 0x0000000703400000| Untracked 
|  14|0x0000000703600000, 0x0000000703600000, 0x0000000703800000|  0%| F|  |TAMS 0x0000000703600000, 0x0000000703600000| Untracked 
|  15|0x0000000703800000, 0x0000000703800000, 0x0000000703a00000|  0%| F|  |TAMS 0x0000000703800000, 0x0000000703800000| Untracked 
|  16|0x0000000703a00000, 0x0000000703a00000, 0x0000000703c00000|  0%| F|  |TAMS 0x0000000703a00000, 0x0000000703a00000| Untracked 
|  17|0x0000000703c00000, 0x0000000703c00000, 0x0000000703e00000|  0%| F|  |TAMS 0x0000000703c00000, 0x0000000703c00000| Untracked 
|  18|0x0000000703e00000, 0x0000000703e00000, 0x0000000704000000|  0%| F|  |TAMS 0x0000000703e00000, 0x0000000703e00000| Untracked 
|  19|0x0000000704000000, 0x0000000704000000, 0x0000000704200000|  0%| F|  |TAMS 0x0000000704000000, 0x0000000704000000| Untracked 
|  20|0x0000000704200000, 0x0000000704200000, 0x0000000704400000|  0%| F|  |TAMS 0x0000000704200000, 0x0000000704200000| Untracked 
|  21|0x0000000704400000, 0x0000000704400000, 0x0000000704600000|  0%| F|  |TAMS 0x0000000704400000, 0x0000000704400000| Untracked 
|  22|0x0000000704600000, 0x0000000704600000, 0x0000000704800000|  0%| F|  |TAMS 0x0000000704600000, 0x0000000704600000| Untracked 
|  23|0x0000000704800000, 0x0000000704800000, 0x0000000704a00000|  0%| F|  |TAMS 0x0000000704800000, 0x0000000704800000| Untracked 
|  24|0x0000000704a00000, 0x0000000704a00000, 0x0000000704c00000|  0%| F|  |TAMS 0x0000000704a00000, 0x0000000704a00000| Untracked 
|  25|0x0000000704c00000, 0x0000000704c00000, 0x0000000704e00000|  0%| F|  |TAMS 0x0000000704c00000, 0x0000000704c00000| Untracked 
|  26|0x0000000704e00000, 0x0000000704e00000, 0x0000000705000000|  0%| F|  |TAMS 0x0000000704e00000, 0x0000000704e00000| Untracked 
|  27|0x0000000705000000, 0x0000000705000000, 0x0000000705200000|  0%| F|  |TAMS 0x0000000705000000, 0x0000000705000000| Untracked 
|  28|0x0000000705200000, 0x0000000705200000, 0x0000000705400000|  0%| F|  |TAMS 0x0000000705200000, 0x0000000705200000| Untracked 
|  29|0x0000000705400000, 0x0000000705400000, 0x0000000705600000|  0%| F|  |TAMS 0x0000000705400000, 0x0000000705400000| Untracked 
|  30|0x0000000705600000, 0x0000000705600000, 0x0000000705800000|  0%| F|  |TAMS 0x0000000705600000, 0x0000000705600000| Untracked 
|  31|0x0000000705800000, 0x0000000705800000, 0x0000000705a00000|  0%| F|  |TAMS 0x0000000705800000, 0x0000000705800000| Untracked 
|  32|0x0000000705a00000, 0x0000000705a00000, 0x0000000705c00000|  0%| F|  |TAMS 0x0000000705a00000, 0x0000000705a00000| Untracked 
|  33|0x0000000705c00000, 0x0000000705c00000, 0x0000000705e00000|  0%| F|  |TAMS 0x0000000705c00000, 0x0000000705c00000| Untracked 
|  34|0x0000000705e00000, 0x0000000705e00000, 0x0000000706000000|  0%| F|  |TAMS 0x0000000705e00000, 0x0000000705e00000| Untracked 
|  35|0x0000000706000000, 0x0000000706000000, 0x0000000706200000|  0%| F|  |TAMS 0x0000000706000000, 0x0000000706000000| Untracked 
|  36|0x0000000706200000, 0x0000000706200000, 0x0000000706400000|  0%| F|  |TAMS 0x0000000706200000, 0x0000000706200000| Untracked 
|  37|0x0000000706400000, 0x0000000706400000, 0x0000000706600000|  0%| F|  |TAMS 0x0000000706400000, 0x0000000706400000| Untracked 
|  38|0x0000000706600000, 0x0000000706600000, 0x0000000706800000|  0%| F|  |TAMS 0x0000000706600000, 0x0000000706600000| Untracked 
|  39|0x0000000706800000, 0x0000000706800000, 0x0000000706a00000|  0%| F|  |TAMS 0x0000000706800000, 0x0000000706800000| Untracked 
|  40|0x0000000706a00000, 0x0000000706a00000, 0x0000000706c00000|  0%| F|  |TAMS 0x0000000706a00000, 0x0000000706a00000| Untracked 
|  41|0x0000000706c00000, 0x0000000706c00000, 0x0000000706e00000|  0%| F|  |TAMS 0x0000000706c00000, 0x0000000706c00000| Untracked 
|  42|0x0000000706e00000, 0x0000000706e00000, 0x0000000707000000|  0%| F|  |TAMS 0x0000000706e00000, 0x0000000706e00000| Untracked 
|  43|0x0000000707000000, 0x0000000707000000, 0x0000000707200000|  0%| F|  |TAMS 0x0000000707000000, 0x0000000707000000| Untracked 
|  44|0x0000000707200000, 0x0000000707200000, 0x0000000707400000|  0%| F|  |TAMS 0x0000000707200000, 0x0000000707200000| Untracked 
|  45|0x0000000707400000, 0x0000000707400000, 0x0000000707600000|  0%| F|  |TAMS 0x0000000707400000, 0x0000000707400000| Untracked 
|  46|0x0000000707600000, 0x0000000707600000, 0x0000000707800000|  0%| F|  |TAMS 0x0000000707600000, 0x0000000707600000| Untracked 
|  47|0x0000000707800000, 0x0000000707800000, 0x0000000707a00000|  0%| F|  |TAMS 0x0000000707800000, 0x0000000707800000| Untracked 
|  48|0x0000000707a00000, 0x0000000707a00000, 0x0000000707c00000|  0%| F|  |TAMS 0x0000000707a00000, 0x0000000707a00000| Untracked 
|  49|0x0000000707c00000, 0x0000000707c00000, 0x0000000707e00000|  0%| F|  |TAMS 0x0000000707c00000, 0x0000000707c00000| Untracked 
|  50|0x0000000707e00000, 0x0000000707e00000, 0x0000000708000000|  0%| F|  |TAMS 0x0000000707e00000, 0x0000000707e00000| Untracked 
|  51|0x0000000708000000, 0x0000000708000000, 0x0000000708200000|  0%| F|  |TAMS 0x0000000708000000, 0x0000000708000000| Untracked 
|  52|0x0000000708200000, 0x0000000708200000, 0x0000000708400000|  0%| F|  |TAMS 0x0000000708200000, 0x0000000708200000| Untracked 
|  53|0x0000000708400000, 0x0000000708400000, 0x0000000708600000|  0%| F|  |TAMS 0x0000000708400000, 0x0000000708400000| Untracked 
|  54|0x0000000708600000, 0x0000000708600000, 0x0000000708800000|  0%| F|  |TAMS 0x0000000708600000, 0x0000000708600000| Untracked 
|  55|0x0000000708800000, 0x0000000708800000, 0x0000000708a00000|  0%| F|  |TAMS 0x0000000708800000, 0x0000000708800000| Untracked 
|  56|0x0000000708a00000, 0x0000000708a00000, 0x0000000708c00000|  0%| F|  |TAMS 0x0000000708a00000, 0x0000000708a00000| Untracked 
|  57|0x0000000708c00000, 0x0000000708c00000, 0x0000000708e00000|  0%| F|  |TAMS 0x0000000708c00000, 0x0000000708c00000| Untracked 
|  58|0x0000000708e00000, 0x0000000708e00000, 0x0000000709000000|  0%| F|  |TAMS 0x0000000708e00000, 0x0000000708e00000| Untracked 
|  59|0x0000000709000000, 0x0000000709000000, 0x0000000709200000|  0%| F|  |TAMS 0x0000000709000000, 0x0000000709000000| Untracked 
|  60|0x0000000709200000, 0x0000000709200000, 0x0000000709400000|  0%| F|  |TAMS 0x0000000709200000, 0x0000000709200000| Untracked 
|  61|0x0000000709400000, 0x0000000709400000, 0x0000000709600000|  0%| F|  |TAMS 0x0000000709400000, 0x0000000709400000| Untracked 
|  62|0x0000000709600000, 0x0000000709600000, 0x0000000709800000|  0%| F|  |TAMS 0x0000000709600000, 0x0000000709600000| Untracked 
|  63|0x0000000709800000, 0x0000000709800000, 0x0000000709a00000|  0%| F|  |TAMS 0x0000000709800000, 0x0000000709800000| Untracked 
|  64|0x0000000709a00000, 0x0000000709a00000, 0x0000000709c00000|  0%| F|  |TAMS 0x0000000709a00000, 0x0000000709a00000| Untracked 
|  65|0x0000000709c00000, 0x0000000709c00000, 0x0000000709e00000|  0%| F|  |TAMS 0x0000000709c00000, 0x0000000709c00000| Untracked 
|  66|0x0000000709e00000, 0x0000000709e00000, 0x000000070a000000|  0%| F|  |TAMS 0x0000000709e00000, 0x0000000709e00000| Untracked 
|  67|0x000000070a000000, 0x000000070a000000, 0x000000070a200000|  0%| F|  |TAMS 0x000000070a000000, 0x000000070a000000| Untracked 
|  68|0x000000070a200000, 0x000000070a200000, 0x000000070a400000|  0%| F|  |TAMS 0x000000070a200000, 0x000000070a200000| Untracked 
|  69|0x000000070a400000, 0x000000070a400000, 0x000000070a600000|  0%| F|  |TAMS 0x000000070a400000, 0x000000070a400000| Untracked 
|  70|0x000000070a600000, 0x000000070a600000, 0x000000070a800000|  0%| F|  |TAMS 0x000000070a600000, 0x000000070a600000| Untracked 
|  71|0x000000070a800000, 0x000000070a800000, 0x000000070aa00000|  0%| F|  |TAMS 0x000000070a800000, 0x000000070a800000| Untracked 
|  72|0x000000070aa00000, 0x000000070aa00000, 0x000000070ac00000|  0%| F|  |TAMS 0x000000070aa00000, 0x000000070aa00000| Untracked 
|  73|0x000000070ac00000, 0x000000070ac00000, 0x000000070ae00000|  0%| F|  |TAMS 0x000000070ac00000, 0x000000070ac00000| Untracked 
|  74|0x000000070ae00000, 0x000000070ae00000, 0x000000070b000000|  0%| F|  |TAMS 0x000000070ae00000, 0x000000070ae00000| Untracked 
|  75|0x000000070b000000, 0x000000070b000000, 0x000000070b200000|  0%| F|  |TAMS 0x000000070b000000, 0x000000070b000000| Untracked 
|  76|0x000000070b200000, 0x000000070b200000, 0x000000070b400000|  0%| F|  |TAMS 0x000000070b200000, 0x000000070b200000| Untracked 
|  77|0x000000070b400000, 0x000000070b400000, 0x000000070b600000|  0%| F|  |TAMS 0x000000070b400000, 0x000000070b400000| Untracked 
|  78|0x000000070b600000, 0x000000070b600000, 0x000000070b800000|  0%| F|  |TAMS 0x000000070b600000, 0x000000070b600000| Untracked 
|  79|0x000000070b800000, 0x000000070b800000, 0x000000070ba00000|  0%| F|  |TAMS 0x000000070b800000, 0x000000070b800000| Untracked 
|  80|0x000000070ba00000, 0x000000070ba00000, 0x000000070bc00000|  0%| F|  |TAMS 0x000000070ba00000, 0x000000070ba00000| Untracked 
|  81|0x000000070bc00000, 0x000000070bc00000, 0x000000070be00000|  0%| F|  |TAMS 0x000000070bc00000, 0x000000070bc00000| Untracked 
|  82|0x000000070be00000, 0x000000070be00000, 0x000000070c000000|  0%| F|  |TAMS 0x000000070be00000, 0x000000070be00000| Untracked 
|  83|0x000000070c000000, 0x000000070c000000, 0x000000070c200000|  0%| F|  |TAMS 0x000000070c000000, 0x000000070c000000| Untracked 
|  84|0x000000070c200000, 0x000000070c200000, 0x000000070c400000|  0%| F|  |TAMS 0x000000070c200000, 0x000000070c200000| Untracked 
|  85|0x000000070c400000, 0x000000070c400000, 0x000000070c600000|  0%| F|  |TAMS 0x000000070c400000, 0x000000070c400000| Untracked 
|  86|0x000000070c600000, 0x000000070c600000, 0x000000070c800000|  0%| F|  |TAMS 0x000000070c600000, 0x000000070c600000| Untracked 
|  87|0x000000070c800000, 0x000000070c800000, 0x000000070ca00000|  0%| F|  |TAMS 0x000000070c800000, 0x000000070c800000| Untracked 
|  88|0x000000070ca00000, 0x000000070ca00000, 0x000000070cc00000|  0%| F|  |TAMS 0x000000070ca00000, 0x000000070ca00000| Untracked 
|  89|0x000000070cc00000, 0x000000070cc00000, 0x000000070ce00000|  0%| F|  |TAMS 0x000000070cc00000, 0x000000070cc00000| Untracked 
|  90|0x000000070ce00000, 0x000000070ce00000, 0x000000070d000000|  0%| F|  |TAMS 0x000000070ce00000, 0x000000070ce00000| Untracked 
|  91|0x000000070d000000, 0x000000070d000000, 0x000000070d200000|  0%| F|  |TAMS 0x000000070d000000, 0x000000070d000000| Untracked 
|  92|0x000000070d200000, 0x000000070d200000, 0x000000070d400000|  0%| F|  |TAMS 0x000000070d200000, 0x000000070d200000| Untracked 
|  93|0x000000070d400000, 0x000000070d400000, 0x000000070d600000|  0%| F|  |TAMS 0x000000070d400000, 0x000000070d400000| Untracked 
|  94|0x000000070d600000, 0x000000070d600000, 0x000000070d800000|  0%| F|  |TAMS 0x000000070d600000, 0x000000070d600000| Untracked 
|  95|0x000000070d800000, 0x000000070d800000, 0x000000070da00000|  0%| F|  |TAMS 0x000000070d800000, 0x000000070d800000| Untracked 
|  96|0x000000070da00000, 0x000000070da00000, 0x000000070dc00000|  0%| F|  |TAMS 0x000000070da00000, 0x000000070da00000| Untracked 
|  97|0x000000070dc00000, 0x000000070dc00000, 0x000000070de00000|  0%| F|  |TAMS 0x000000070dc00000, 0x000000070dc00000| Untracked 
|  98|0x000000070de00000, 0x000000070de00000, 0x000000070e000000|  0%| F|  |TAMS 0x000000070de00000, 0x000000070de00000| Untracked 
|  99|0x000000070e000000, 0x000000070e000000, 0x000000070e200000|  0%| F|  |TAMS 0x000000070e000000, 0x000000070e000000| Untracked 
| 100|0x000000070e200000, 0x000000070e200000, 0x000000070e400000|  0%| F|  |TAMS 0x000000070e200000, 0x000000070e200000| Untracked 
| 101|0x000000070e400000, 0x000000070e400000, 0x000000070e600000|  0%| F|  |TAMS 0x000000070e400000, 0x000000070e400000| Untracked 
| 102|0x000000070e600000, 0x000000070e600000, 0x000000070e800000|  0%| F|  |TAMS 0x000000070e600000, 0x000000070e600000| Untracked 
| 103|0x000000070e800000, 0x000000070e800000, 0x000000070ea00000|  0%| F|  |TAMS 0x000000070e800000, 0x000000070e800000| Untracked 
| 104|0x000000070ea00000, 0x000000070ea00000, 0x000000070ec00000|  0%| F|  |TAMS 0x000000070ea00000, 0x000000070ea00000| Untracked 
| 105|0x000000070ec00000, 0x000000070ec00000, 0x000000070ee00000|  0%| F|  |TAMS 0x000000070ec00000, 0x000000070ec00000| Untracked 
| 106|0x000000070ee00000, 0x000000070ee00000, 0x000000070f000000|  0%| F|  |TAMS 0x000000070ee00000, 0x000000070ee00000| Untracked 
| 107|0x000000070f000000, 0x000000070f000000, 0x000000070f200000|  0%| F|  |TAMS 0x000000070f000000, 0x000000070f000000| Untracked 
| 108|0x000000070f200000, 0x000000070f200000, 0x000000070f400000|  0%| F|  |TAMS 0x000000070f200000, 0x000000070f200000| Untracked 
| 109|0x000000070f400000, 0x000000070f400000, 0x000000070f600000|  0%| F|  |TAMS 0x000000070f400000, 0x000000070f400000| Untracked 
| 110|0x000000070f600000, 0x000000070f6cf718, 0x000000070f800000| 40%| E|  |TAMS 0x000000070f600000, 0x000000070f600000| Complete 
| 111|0x000000070f800000, 0x000000070fa00000, 0x000000070fa00000|100%| E|CS|TAMS 0x000000070f800000, 0x000000070f800000| Complete 
| 112|0x000000070fa00000, 0x000000070fc00000, 0x000000070fc00000|100%| E|CS|TAMS 0x000000070fa00000, 0x000000070fa00000| Complete 
| 113|0x000000070fc00000, 0x000000070fe00000, 0x000000070fe00000|100%| E|CS|TAMS 0x000000070fc00000, 0x000000070fc00000| Complete 
| 114|0x000000070fe00000, 0x0000000710000000, 0x0000000710000000|100%| E|CS|TAMS 0x000000070fe00000, 0x000000070fe00000| Complete 
| 115|0x0000000710000000, 0x00000007100b71a8, 0x0000000710200000| 35%| S|CS|TAMS 0x0000000710000000, 0x0000000710000000| Complete 
| 116|0x0000000710200000, 0x0000000710400000, 0x0000000710400000|100%| S|CS|TAMS 0x0000000710200000, 0x0000000710200000| Complete 
| 117|0x0000000710400000, 0x0000000710600000, 0x0000000710600000|100%| E|CS|TAMS 0x0000000710400000, 0x0000000710400000| Complete 
| 118|0x0000000710600000, 0x0000000710800000, 0x0000000710800000|100%| E|CS|TAMS 0x0000000710600000, 0x0000000710600000| Complete 
| 119|0x0000000710800000, 0x0000000710a00000, 0x0000000710a00000|100%| E|CS|TAMS 0x0000000710800000, 0x0000000710800000| Complete 
| 120|0x0000000710a00000, 0x0000000710c00000, 0x0000000710c00000|100%| E|CS|TAMS 0x0000000710a00000, 0x0000000710a00000| Complete 
| 121|0x0000000710c00000, 0x0000000710e00000, 0x0000000710e00000|100%| E|CS|TAMS 0x0000000710c00000, 0x0000000710c00000| Complete 
| 122|0x0000000710e00000, 0x0000000711000000, 0x0000000711000000|100%| E|CS|TAMS 0x0000000710e00000, 0x0000000710e00000| Complete 
| 123|0x0000000711000000, 0x0000000711200000, 0x0000000711200000|100%| E|CS|TAMS 0x0000000711000000, 0x0000000711000000| Complete 
| 124|0x0000000711200000, 0x0000000711400000, 0x0000000711400000|100%| E|CS|TAMS 0x0000000711200000, 0x0000000711200000| Complete 
| 125|0x0000000711400000, 0x0000000711600000, 0x0000000711600000|100%| E|CS|TAMS 0x0000000711400000, 0x0000000711400000| Complete 
| 126|0x0000000711600000, 0x0000000711800000, 0x0000000711800000|100%| E|CS|TAMS 0x0000000711600000, 0x0000000711600000| Complete 
| 127|0x0000000711800000, 0x0000000711a00000, 0x0000000711a00000|100%| E|CS|TAMS 0x0000000711800000, 0x0000000711800000| Complete 

Card table byte_map: [0x0000020e289d0000,0x0000020e291d0000] _byte_map_base: 0x0000020e251c3000

Marking Bits (Prev, Next): (CMBitMap*) 0x0000020e0f51bcd0, (CMBitMap*) 0x0000020e0f51bd10
 Prev Bits: [0x0000020e299d0000, 0x0000020e2d968000)
 Next Bits: [0x0000020e2d970000, 0x0000020e31908000)

Polling page: 0x0000020e0f590000

Metaspace:

Usage:
  Non-class:     11.16 MB used.
      Class:      2.09 MB used.
       Both:     13.25 MB used.

Virtual space:
  Non-class space:       16.00 MB reserved,      11.31 MB ( 71%) committed,  2 nodes.
      Class space:        1.00 GB reserved,       2.25 MB ( <1%) committed,  1 nodes.
             Both:        1.02 GB reserved,      13.56 MB (  1%) committed. 

Chunk freelists:
   Non-Class:  504.00 KB
       Class:  1.75 MB
        Both:  2.24 MB

MaxMetaspaceSize: unlimited
CompressedClassSpaceSize: 1.00 GB
Initial GC threshold: 21.00 MB
Current GC threshold: 21.00 MB
CDS: on
MetaspaceReclaimPolicy: balanced
 - commit_granule_bytes: 65536.
 - commit_granule_words: 8192.
 - virtual_space_node_default_size: 1048576.
 - enlarge_chunks_in_place: 1.
 - new_chunks_are_fully_committed: 0.
 - uncommit_free_chunks: 1.
 - use_allocation_guard: 0.
 - handle_deallocations: 1.


Internal statistics:

num_allocs_failed_limit: 0.
num_arena_births: 166.
num_arena_deaths: 0.
num_vsnodes_births: 3.
num_vsnodes_deaths: 0.
num_space_committed: 217.
num_space_uncommitted: 0.
num_chunks_returned_to_freelist: 0.
num_chunks_taken_from_freelist: 568.
num_chunk_merges: 0.
num_chunk_splits: 413.
num_chunks_enlarged: 329.
num_purges: 0.
num_inconsistent_stats: 0.

CodeHeap 'non-profiled nmethods': size=120000Kb used=611Kb max_used=611Kb free=119388Kb
 bounds [0x0000020e20000000, 0x0000020e20270000, 0x0000020e27530000]
CodeHeap 'profiled nmethods': size=120000Kb used=2902Kb max_used=2902Kb free=117097Kb
 bounds [0x0000020e18530000, 0x0000020e18810000, 0x0000020e1fa60000]
CodeHeap 'non-nmethods': size=5760Kb used=1355Kb max_used=1441Kb free=4404Kb
 bounds [0x0000020e1fa60000, 0x0000020e1fcd0000, 0x0000020e20000000]
 total_blobs=2312 nmethods=1612 adapters=612
 compilation: enabled
              stopped_count=0, restarted_count=0
 full_count=0

Compilation events (20 events):
Event: 0.674 Thread 0x0000020e3501a0b0 1511       3       javafx.beans.property.ObjectProperty::<init> (5 bytes)
Event: 0.674 Thread 0x0000020e3501a0b0 nmethod 1511 0x0000020e187d3410 code [0x0000020e187d35c0, 0x0000020e187d37f8]
Event: 0.674 Thread 0x0000020e3501a0b0 1512       3       java.util.ArrayList::clear (43 bytes)
Event: 0.674 Thread 0x0000020e3501a0b0 nmethod 1512 0x0000020e187d3910 code [0x0000020e187d3ac0, 0x0000020e187d3e58]
Event: 0.674 Thread 0x0000020e3501a0b0 1513       3       com.sun.javafx.binding.ExpressionHelperBase::<init> (5 bytes)
Event: 0.674 Thread 0x0000020e3501a0b0 nmethod 1513 0x0000020e187d3f90 code [0x0000020e187d4120, 0x0000020e187d4278]
Event: 0.674 Thread 0x0000020e3501a0b0 1514       3       javafx.beans.property.ObjectPropertyBase::set (76 bytes)
Event: 0.674 Thread 0x0000020e35007500 1519       4       java.util.AbstractList::<init> (10 bytes)
Event: 0.674 Thread 0x0000020e3501a0b0 nmethod 1514 0x0000020e187d4310 code [0x0000020e187d4580, 0x0000020e187d5078]
Event: 0.674 Thread 0x0000020e3501a0b0 1517       3       javafx.collections.ListChangeBuilder$SingleChange::getFrom (12 bytes)
Event: 0.674 Thread 0x0000020e3501a0b0 nmethod 1517 0x0000020e187d5310 code [0x0000020e187d54c0, 0x0000020e187d5748]
Event: 0.674 Thread 0x0000020e3501a0b0 1520       3       javafx.collections.ListChangeBuilder$SingleChange::getTo (12 bytes)
Event: 0.674 Thread 0x0000020e3501a0b0 nmethod 1520 0x0000020e187d5890 code [0x0000020e187d5a40, 0x0000020e187d5cc8]
Event: 0.674 Thread 0x0000020e3501a0b0 1516       3       javafx.beans.property.SimpleBooleanProperty::<init> (25 bytes)
Event: 0.675 Thread 0x0000020e3501a0b0 nmethod 1516 0x0000020e187d5e10 code [0x0000020e187d5fe0, 0x0000020e187d6478]
Event: 0.675 Thread 0x0000020e3501a0b0 1515       3       javafx.beans.property.ObjectPropertyBase::<init> (25 bytes)
Event: 0.675 Thread 0x0000020e3501a0b0 nmethod 1515 0x0000020e187d6610 code [0x0000020e187d67c0, 0x0000020e187d6ad8]
Event: 0.675 Thread 0x0000020e3501a0b0 1518       1       javafx.collections.ListChangeListener$Change::getList (5 bytes)
Event: 0.675 Thread 0x0000020e3501a0b0 nmethod 1518 0x0000020e2007e290 code [0x0000020e2007e420, 0x0000020e2007e4f8]
Event: 0.675 Thread 0x0000020e3501a0b0 1521       1       com.sun.javafx.scene.control.inputmap.InputMap::getMappings (5 bytes)

GC Heap History (2 events):
Event: 0.384 GC heap before
{Heap before GC invocations=0 (full 0):
 garbage-first heap   total 262144K, used 20480K [0x0000000701a00000, 0x0000000800000000)
  region size 2048K, 11 young (22528K), 0 survivors (0K)
 Metaspace       used 5217K, committed 5376K, reserved 1056768K
  class space    used 622K, committed 704K, reserved 1048576K
}
Event: 0.386 GC heap after
{Heap after GC invocations=1 (full 0):
 garbage-first heap   total 262144K, used 2780K [0x0000000701a00000, 0x0000000800000000)
  region size 2048K, 2 young (4096K), 2 survivors (4096K)
 Metaspace       used 5217K, committed 5376K, reserved 1056768K
  class space    used 622K, committed 704K, reserved 1048576K
}

Deoptimization events (20 events):
Event: 0.593 Thread 0x0000020e35003420 DEOPT PACKING pc=0x0000020e2000eb2c sp=0x000000b9ed7fd730
Event: 0.593 Thread 0x0000020e35003420 DEOPT UNPACKING pc=0x0000020e1fab23a3 sp=0x000000b9ed7fd6d8 mode 2
Event: 0.593 Thread 0x0000020e35003420 Uncommon trap: trap_request=0xffffffde fr.pc=0x0000020e2000eb2c relative=0x00000000000001ac
Event: 0.593 Thread 0x0000020e35003420 Uncommon trap: reason=class_check action=maybe_recompile pc=0x0000020e2000eb2c method=java.lang.String.equals(Ljava/lang/Object;)Z @ 8 c2
Event: 0.593 Thread 0x0000020e35003420 DEOPT PACKING pc=0x0000020e2000eb2c sp=0x000000b9ed7fd730
Event: 0.593 Thread 0x0000020e35003420 DEOPT UNPACKING pc=0x0000020e1fab23a3 sp=0x000000b9ed7fd6d8 mode 2
Event: 0.593 Thread 0x0000020e35003420 Uncommon trap: trap_request=0xffffffde fr.pc=0x0000020e2000eb2c relative=0x00000000000001ac
Event: 0.593 Thread 0x0000020e35003420 Uncommon trap: reason=class_check action=maybe_recompile pc=0x0000020e2000eb2c method=java.lang.String.equals(Ljava/lang/Object;)Z @ 8 c2
Event: 0.593 Thread 0x0000020e35003420 DEOPT PACKING pc=0x0000020e2000eb2c sp=0x000000b9ed7fd420
Event: 0.593 Thread 0x0000020e35003420 DEOPT UNPACKING pc=0x0000020e1fab23a3 sp=0x000000b9ed7fd3c8 mode 2
Event: 0.612 Thread 0x0000020e35003420 Uncommon trap: trap_request=0xffffffc6 fr.pc=0x0000020e2005dc48 relative=0x0000000000000408
Event: 0.612 Thread 0x0000020e35003420 Uncommon trap: reason=bimorphic_or_optimized_type_check action=maybe_recompile pc=0x0000020e2005dc48 method=java.util.HashMap.getNode(Ljava/lang/Object;)Ljava/util/HashMap$Node; @ 128 c2
Event: 0.612 Thread 0x0000020e35003420 DEOPT PACKING pc=0x0000020e2005dc48 sp=0x000000b9ed7fd580
Event: 0.613 Thread 0x0000020e35003420 DEOPT UNPACKING pc=0x0000020e1fab23a3 sp=0x000000b9ed7fd498 mode 2
Event: 0.629 Thread 0x0000020e35003420 DEOPT PACKING pc=0x0000020e18766b56 sp=0x000000b9ed7fc8b0
Event: 0.629 Thread 0x0000020e35003420 DEOPT UNPACKING pc=0x0000020e1fab2b43 sp=0x000000b9ed7fbd50 mode 0
Event: 0.650 Thread 0x0000020e35003420 Uncommon trap: trap_request=0xffffff45 fr.pc=0x0000020e2005dc88 relative=0x0000000000000448
Event: 0.650 Thread 0x0000020e35003420 Uncommon trap: reason=unstable_if action=reinterpret pc=0x0000020e2005dc88 method=java.util.HashMap.hash(Ljava/lang/Object;)I @ 1 c2
Event: 0.650 Thread 0x0000020e35003420 DEOPT PACKING pc=0x0000020e2005dc88 sp=0x000000b9ed7fcd40
Event: 0.650 Thread 0x0000020e35003420 DEOPT UNPACKING pc=0x0000020e1fab23a3 sp=0x000000b9ed7fcbe8 mode 2

Classes unloaded (0 events):
No events

Classes redefined (0 events):
No events

Internal exceptions (20 events):
Event: 0.355 Thread 0x0000020e35003420 Exception <a 'java/lang/NoSuchMethodError'{0x0000000710672ae8}: 'void java.lang.invoke.DirectMethodHandle$Holder.invokeStaticInit(java.lang.Object)'> (0x0000000710672ae8) 
thrown [s\open\src\hotspot\share\interpreter\linkResolver.cpp, line 759]
Event: 0.357 Thread 0x0000020e0f4b12b0 Exception <a 'java/lang/NoSuchMethodError'{0x0000000710b7a020}: 'java.lang.Object java.lang.invoke.DirectMethodHandle$Holder.newInvokeSpecial(java.lang.Object, java.lang.Object, java.lang.Object, java.lang.Object, java.lang.Object, java.lang.Object)'> (0x0000000710b7a020) 
thrown [s\open\src\hotspot\share\interpreter\linkResolver.cpp, line 759]
Event: 0.369 Thread 0x0000020e0f4b12b0 Exception <a 'java/lang/NoSuchMethodError'{0x0000000710748570}: 'java.lang.Object java.lang.invoke.DirectMethodHandle$Holder.newInvokeSpecial(java.lang.Object, java.lang.Object, java.lang.Object, java.lang.Object, java.lang.Object)'> (0x0000000710748570) 
thrown [s\open\src\hotspot\share\interpreter\linkResolver.cpp, line 759]
Event: 0.392 Thread 0x0000020e35003420 Exception <a 'sun/nio/fs/WindowsException'{0x0000000711865948}> (0x0000000711865948) 
thrown [s\open\src\hotspot\share\prims\jni.cpp, line 516]
Event: 0.415 Thread 0x0000020e35003420 Exception <a 'java/lang/NoSuchMethodError'{0x0000000711436ce8}: 'java.lang.Object java.lang.invoke.DirectMethodHandle$Holder.invokeStaticInit(java.lang.Object, java.lang.Object, java.lang.Object, java.lang.Object)'> (0x0000000711436ce8) 
thrown [s\open\src\hotspot\share\interpreter\linkResolver.cpp, line 759]
Event: 0.416 Thread 0x0000020e35003420 Exception <a 'java/lang/NullPointerException'{0x00000007114429b0}> (0x00000007114429b0) 
thrown [s\open\src\hotspot\share\interpreter\linkResolver.cpp, line 1350]
Event: 0.434 Thread 0x0000020e35003420 Exception <a 'java/lang/ClassNotFoundException'{0x0000000711276f90}: com/sun/glass/ui/win/themes> (0x0000000711276f90) 
thrown [s\open\src\hotspot\share\prims\jni.cpp, line 535]
Event: 0.435 Thread 0x0000020e35003420 Exception <a 'java/lang/ClassNotFoundException'{0x00000007112833c8}: com/sun/glass/ui/win/themes_es> (0x00000007112833c8) 
thrown [s\open\src\hotspot\share\prims\jni.cpp, line 535]
Event: 0.435 Thread 0x0000020e35003420 Exception <a 'java/lang/ClassNotFoundException'{0x000000071128b428}: com/sun/glass/ui/win/themes_es_CO> (0x000000071128b428) 
thrown [s\open\src\hotspot\share\prims\jni.cpp, line 535]
Event: 0.475 Thread 0x0000020e35003420 Exception <a 'java/lang/NoSuchMethodError'{0x0000000710c017d8}: 'void java.lang.invoke.DirectMethodHandle$Holder.invokeStaticInit(java.lang.Object, java.lang.Object)'> (0x0000000710c017d8) 
thrown [s\open\src\hotspot\share\interpreter\linkResolver.cpp, line 759]
Event: 0.523 Thread 0x0000020e35003420 Exception <a 'sun/nio/fs/WindowsException'{0x0000000710be0b50}> (0x0000000710be0b50) 
thrown [s\open\src\hotspot\share\prims\jni.cpp, line 516]
Event: 0.531 Thread 0x0000020e35003420 Exception <a 'java/io/FileNotFoundException'{0x0000000710880c50}> (0x0000000710880c50) 
thrown [s\open\src\hotspot\share\prims\jni.cpp, line 516]
Event: 0.594 Thread 0x0000020e35003420 Exception <a 'sun/nio/fs/WindowsException'{0x00000007105583e0}> (0x00000007105583e0) 
thrown [s\open\src\hotspot\share\prims\jni.cpp, line 516]
Event: 0.609 Thread 0x0000020e35003420 Exception <a 'java/lang/NoSuchMethodError'{0x000000070fefb050}: 'java.lang.Object java.lang.invoke.DirectMethodHandle$Holder.invokeInterface(java.lang.Object, java.lang.Object, java.lang.Object)'> (0x000000070fefb050) 
thrown [s\open\src\hotspot\share\interpreter\linkResolver.cpp, line 759]
Event: 0.609 Thread 0x0000020e35003420 Exception <a 'java/lang/IncompatibleClassChangeError'{0x000000070fefe9d8}: Found class java.lang.Object, but interface was expected> (0x000000070fefe9d8) 
thrown [s\open\src\hotspot\share\interpreter\linkResolver.cpp, line 826]
Event: 0.628 Thread 0x0000020e35003420 Exception <a 'java/lang/ClassNotFoundException'{0x000000070fcfb148}: com/sun/javafx/scene/control/skin/resources/controls> (0x000000070fcfb148) 
thrown [s\open\src\hotspot\share\prims\jni.cpp, line 535]
Event: 0.629 Thread 0x0000020e35003420 Exception <a 'java/lang/ClassNotFoundException'{0x000000070fd090e8}: com/sun/javafx/scene/control/skin/resources/controls_es> (0x000000070fd090e8) 
thrown [s\open\src\hotspot\share\prims\jni.cpp, line 535]
Event: 0.630 Thread 0x0000020e35003420 Exception <a 'java/lang/ClassNotFoundException'{0x000000070fd16d48}: com/sun/javafx/scene/control/skin/resources/controls_es_CO> (0x000000070fd16d48) 
thrown [s\open\src\hotspot\share\prims\jni.cpp, line 535]
Event: 0.650 Thread 0x0000020e35003420 Implicit null exception at 0x0000020e2005d890 to 0x0000020e2005dc68
Event: 0.651 Thread 0x0000020e35003420 Exception <a 'java/lang/NoSuchMethodError'{0x000000070fad2728}: 'void java.lang.invoke.DirectMethodHandle$Holder.invokeSpecial(java.lang.Object, java.lang.Object, java.lang.Object, java.lang.Object, java.lang.Object, java.lang.Object)'> (0x000000070fad2728) 
thrown [s\open\src\hotspot\share\interpreter\linkResolver.cpp, line 759]

VM Operations (12 events):
Event: 0.077 Executing VM operation: HandshakeAllThreads
Event: 0.077 Executing VM operation: HandshakeAllThreads done
Event: 0.103 Executing VM operation: HandshakeAllThreads
Event: 0.103 Executing VM operation: HandshakeAllThreads done
Event: 0.277 Executing VM operation: HandshakeAllThreads
Event: 0.277 Executing VM operation: HandshakeAllThreads done
Event: 0.384 Executing VM operation: G1CollectForAllocation
Event: 0.386 Executing VM operation: G1CollectForAllocation done
Event: 0.448 Executing VM operation: HandshakeAllThreads
Event: 0.448 Executing VM operation: HandshakeAllThreads done
Event: 0.614 Executing VM operation: ICBufferFull
Event: 0.614 Executing VM operation: ICBufferFull done

Events (20 events):
Event: 0.532 loading class java/io/CharArrayReader done
Event: 0.536 loading class java/lang/invoke/MethodHandle$1
Event: 0.536 loading class java/lang/invoke/MethodHandle$1 done
Event: 0.542 loading class java/lang/System$Logger$Level
Event: 0.542 loading class java/lang/System$Logger$Level done
Event: 0.558 loading class java/util/ResourceBundle$3
Event: 0.558 loading class java/util/ResourceBundle$3 done
Event: 0.573 loading class java/lang/StrictMath
Event: 0.573 loading class java/lang/StrictMath done
Event: 0.589 loading class jdk/jfr/FlightRecorder
Event: 0.589 loading class jdk/jfr/FlightRecorder done
Event: 0.598 loading class sun/nio/cs/UTF_16BE$Decoder
Event: 0.598 loading class sun/nio/cs/UnicodeDecoder
Event: 0.598 loading class sun/nio/cs/UnicodeDecoder done
Event: 0.598 loading class sun/nio/cs/UTF_16BE$Decoder done
Event: 0.606 Thread 0x0000020e35003dc0 Thread added: 0x0000020e35003dc0
Event: 0.670 loading class java/lang/FdLibm$Hypot
Event: 0.670 loading class java/lang/FdLibm$Hypot done
Event: 0.670 loading class java/lang/FdLibm
Event: 0.670 loading class java/lang/FdLibm done


Dynamic libraries:
0x00007ff646780000 - 0x00007ff646790000 	C:\Program Files\Java\jdk-17\bin\java.exe
0x00007ff98fe10000 - 0x00007ff990008000 	C:\WINDOWS\SYSTEM32\ntdll.dll
0x00007ff98ef90000 - 0x00007ff98f04d000 	C:\WINDOWS\System32\KERNEL32.DLL
0x00007ff98d4f0000 - 0x00007ff98d7e6000 	C:\WINDOWS\System32\KERNELBASE.dll
0x00007ff98d990000 - 0x00007ff98da90000 	C:\WINDOWS\System32\ucrtbase.dll
0x00007ff988380000 - 0x00007ff988398000 	C:\Program Files\Java\jdk-17\bin\jli.dll
0x00007ff988530000 - 0x00007ff98854b000 	C:\Program Files\Java\jdk-17\bin\VCRUNTIME140.dll
0x00007ff98f6d0000 - 0x00007ff98f77e000 	C:\WINDOWS\System32\ADVAPI32.dll
0x00007ff98f050000 - 0x00007ff98f0ee000 	C:\WINDOWS\System32\msvcrt.dll
0x00007ff98f1b0000 - 0x00007ff98f24c000 	C:\WINDOWS\System32\sechost.dll
0x00007ff98fc20000 - 0x00007ff98fd46000 	C:\WINDOWS\System32\RPCRT4.dll
0x00007ff98f800000 - 0x00007ff98f99e000 	C:\WINDOWS\System32\USER32.dll
0x00007ff98db50000 - 0x00007ff98db72000 	C:\WINDOWS\System32\win32u.dll
0x00007ff980a20000 - 0x00007ff980cba000 	C:\WINDOWS\WinSxS\amd64_microsoft.windows.common-controls_6595b64144ccf1df_6.0.19041.1110_none_60b5254171f9507e\COMCTL32.dll
0x00007ff98f180000 - 0x00007ff98f1ac000 	C:\WINDOWS\System32\GDI32.dll
0x00007ff98dd50000 - 0x00007ff98de6a000 	C:\WINDOWS\System32\gdi32full.dll
0x00007ff98d840000 - 0x00007ff98d8dd000 	C:\WINDOWS\System32\msvcp_win.dll
0x00007ff983880000 - 0x00007ff98388a000 	C:\WINDOWS\SYSTEM32\VERSION.dll
0x00007ff98f9a0000 - 0x00007ff98f9d0000 	C:\WINDOWS\System32\IMM32.DLL
0x00007ff988f30000 - 0x00007ff988f3c000 	C:\Program Files\Java\jdk-17\bin\vcruntime140_1.dll
0x00007ff960cd0000 - 0x00007ff960d5e000 	C:\Program Files\Java\jdk-17\bin\msvcp140.dll
0x00007ff914a30000 - 0x00007ff915607000 	C:\Program Files\Java\jdk-17\bin\server\jvm.dll
0x00007ff98f7f0000 - 0x00007ff98f7f8000 	C:\WINDOWS\System32\PSAPI.DLL
0x00007ff988a60000 - 0x00007ff988a69000 	C:\WINDOWS\SYSTEM32\WSOCK32.dll
0x00007ff981d10000 - 0x00007ff981d37000 	C:\WINDOWS\SYSTEM32\WINMM.dll
0x00007ff98f780000 - 0x00007ff98f7eb000 	C:\WINDOWS\System32\WS2_32.dll
0x00007ff98b280000 - 0x00007ff98b292000 	C:\WINDOWS\SYSTEM32\kernel.appcore.dll
0x00007ff9866f0000 - 0x00007ff9866fa000 	C:\Program Files\Java\jdk-17\bin\jimage.dll
0x00007ff9813d0000 - 0x00007ff9815b4000 	C:\WINDOWS\SYSTEM32\DBGHELP.DLL
0x00007ff971d40000 - 0x00007ff971d74000 	C:\WINDOWS\SYSTEM32\dbgcore.DLL
0x00007ff98dac0000 - 0x00007ff98db42000 	C:\WINDOWS\System32\bcryptPrimitives.dll
0x00007ff988700000 - 0x00007ff98870e000 	C:\Program Files\Java\jdk-17\bin\instrument.dll
0x00007ff9614b0000 - 0x00007ff9614d5000 	C:\Program Files\Java\jdk-17\bin\java.dll
0x00007ff95f130000 - 0x00007ff95f207000 	C:\Program Files\Java\jdk-17\bin\jsvml.dll
0x00007ff98e840000 - 0x00007ff98ef85000 	C:\WINDOWS\System32\SHELL32.dll
0x00007ff98b560000 - 0x00007ff98bcfb000 	C:\WINDOWS\SYSTEM32\windows.storage.dll
0x00007ff98e4e0000 - 0x00007ff98e834000 	C:\WINDOWS\System32\combase.dll
0x00007ff98ce50000 - 0x00007ff98ce7e000 	C:\WINDOWS\SYSTEM32\Wldp.dll
0x00007ff98fb70000 - 0x00007ff98fc1d000 	C:\WINDOWS\System32\SHCORE.dll
0x00007ff98f670000 - 0x00007ff98f6c5000 	C:\WINDOWS\System32\shlwapi.dll
0x00007ff98d420000 - 0x00007ff98d445000 	C:\WINDOWS\SYSTEM32\profapi.dll
0x00007ff9866d0000 - 0x00007ff9866e9000 	C:\Program Files\Java\jdk-17\bin\net.dll
0x00007ff9877c0000 - 0x00007ff9878ca000 	C:\WINDOWS\SYSTEM32\WINHTTP.dll
0x00007ff98cc30000 - 0x00007ff98cc9a000 	C:\WINDOWS\system32\mswsock.dll
0x00007ff967940000 - 0x00007ff967956000 	C:\Program Files\Java\jdk-17\bin\nio.dll
0x00007ff962640000 - 0x00007ff962658000 	C:\Program Files\Java\jdk-17\bin\zip.dll
0x00007ff97f570000 - 0x00007ff97f58a000 	C:\Program Files\JetBrains\IntelliJ IDEA Community Edition 2022.3.2\bin\breakgen64.dll
0x0000020e34790000 - 0x0000020e34793000 	C:\Users\santi\.openjfx\cache\20.0.1+2\amd64\api-ms-win-core-console-l1-1-0.dll
0x0000020e347a0000 - 0x0000020e347a3000 	C:\Users\santi\.openjfx\cache\20.0.1+2\amd64\api-ms-win-core-console-l1-2-0.dll
0x0000020e347b0000 - 0x0000020e347b3000 	C:\Users\santi\.openjfx\cache\20.0.1+2\amd64\api-ms-win-core-datetime-l1-1-0.dll
0x0000020e347c0000 - 0x0000020e347c3000 	C:\Users\santi\.openjfx\cache\20.0.1+2\amd64\api-ms-win-core-debug-l1-1-0.dll
0x0000020e347d0000 - 0x0000020e347d3000 	C:\Users\santi\.openjfx\cache\20.0.1+2\amd64\api-ms-win-core-errorhandling-l1-1-0.dll
0x0000020e347e0000 - 0x0000020e347e4000 	C:\Users\santi\.openjfx\cache\20.0.1+2\amd64\api-ms-win-core-file-l1-1-0.dll
0x0000020e347f0000 - 0x0000020e347f3000 	C:\Users\santi\.openjfx\cache\20.0.1+2\amd64\api-ms-win-core-file-l1-2-0.dll
0x0000020e36bd0000 - 0x0000020e36bd3000 	C:\Users\santi\.openjfx\cache\20.0.1+2\amd64\api-ms-win-core-file-l2-1-0.dll
0x0000020e36be0000 - 0x0000020e36be3000 	C:\Users\santi\.openjfx\cache\20.0.1+2\amd64\api-ms-win-core-handle-l1-1-0.dll
0x0000020e36bf0000 - 0x0000020e36bf3000 	C:\Users\santi\.openjfx\cache\20.0.1+2\amd64\api-ms-win-core-heap-l1-1-0.dll
0x0000020e36c00000 - 0x0000020e36c03000 	C:\Users\santi\.openjfx\cache\20.0.1+2\amd64\api-ms-win-core-interlocked-l1-1-0.dll
0x0000020e36c10000 - 0x0000020e36c13000 	C:\Users\santi\.openjfx\cache\20.0.1+2\amd64\api-ms-win-core-libraryloader-l1-1-0.dll
0x0000020e36c20000 - 0x0000020e36c23000 	C:\Users\santi\.openjfx\cache\20.0.1+2\amd64\api-ms-win-core-localization-l1-2-0.dll
0x0000020e36c30000 - 0x0000020e36c33000 	C:\Users\santi\.openjfx\cache\20.0.1+2\amd64\api-ms-win-core-memory-l1-1-0.dll
0x0000020e36c40000 - 0x0000020e36c43000 	C:\Users\santi\.openjfx\cache\20.0.1+2\amd64\api-ms-win-core-namedpipe-l1-1-0.dll
0x0000020e36c50000 - 0x0000020e36c53000 	C:\Users\santi\.openjfx\cache\20.0.1+2\amd64\api-ms-win-core-processenvironment-l1-1-0.dll
0x0000020e36c60000 - 0x0000020e36c63000 	C:\Users\santi\.openjfx\cache\20.0.1+2\amd64\api-ms-win-core-processthreads-l1-1-0.dll
0x0000020e36c70000 - 0x0000020e36c73000 	C:\Users\santi\.openjfx\cache\20.0.1+2\amd64\api-ms-win-core-processthreads-l1-1-1.dll
0x0000020e36c80000 - 0x0000020e36c83000 	C:\Users\santi\.openjfx\cache\20.0.1+2\amd64\api-ms-win-core-profile-l1-1-0.dll
0x0000020e36c90000 - 0x0000020e36c93000 	C:\Users\santi\.openjfx\cache\20.0.1+2\amd64\api-ms-win-core-rtlsupport-l1-1-0.dll
0x0000020e36ca0000 - 0x0000020e36ca3000 	C:\Users\santi\.openjfx\cache\20.0.1+2\amd64\api-ms-win-core-string-l1-1-0.dll
0x0000020e36cb0000 - 0x0000020e36cb3000 	C:\Users\santi\.openjfx\cache\20.0.1+2\amd64\api-ms-win-core-synch-l1-1-0.dll
0x0000020e36cc0000 - 0x0000020e36cc3000 	C:\Users\santi\.openjfx\cache\20.0.1+2\amd64\api-ms-win-core-synch-l1-2-0.dll
0x0000020e36cd0000 - 0x0000020e36cd3000 	C:\Users\santi\.openjfx\cache\20.0.1+2\amd64\api-ms-win-core-sysinfo-l1-1-0.dll
0x0000020e36ce0000 - 0x0000020e36ce3000 	C:\Users\santi\.openjfx\cache\20.0.1+2\amd64\api-ms-win-core-timezone-l1-1-0.dll
0x0000020e36cf0000 - 0x0000020e36cf3000 	C:\Users\santi\.openjfx\cache\20.0.1+2\amd64\api-ms-win-core-util-l1-1-0.dll
0x0000020e36d00000 - 0x0000020e36d03000 	C:\Users\santi\.openjfx\cache\20.0.1+2\amd64\api-ms-win-crt-conio-l1-1-0.dll
0x0000020e36d10000 - 0x0000020e36d14000 	C:\Users\santi\.openjfx\cache\20.0.1+2\amd64\api-ms-win-crt-convert-l1-1-0.dll
0x0000020e36d20000 - 0x0000020e36d23000 	C:\Users\santi\.openjfx\cache\20.0.1+2\amd64\api-ms-win-crt-environment-l1-1-0.dll
0x0000020e36d30000 - 0x0000020e36d33000 	C:\Users\santi\.openjfx\cache\20.0.1+2\amd64\api-ms-win-crt-filesystem-l1-1-0.dll
0x0000020e36d40000 - 0x0000020e36d43000 	C:\Users\santi\.openjfx\cache\20.0.1+2\amd64\api-ms-win-crt-heap-l1-1-0.dll
0x0000020e36d50000 - 0x0000020e36d53000 	C:\Users\santi\.openjfx\cache\20.0.1+2\amd64\api-ms-win-crt-locale-l1-1-0.dll
0x0000020e36d60000 - 0x0000020e36d65000 	C:\Users\santi\.openjfx\cache\20.0.1+2\amd64\api-ms-win-crt-math-l1-1-0.dll
0x0000020e36d70000 - 0x0000020e36d75000 	C:\Users\santi\.openjfx\cache\20.0.1+2\amd64\api-ms-win-crt-multibyte-l1-1-0.dll
0x0000020e36d80000 - 0x0000020e36d90000 	C:\Users\santi\.openjfx\cache\20.0.1+2\amd64\api-ms-win-crt-private-l1-1-0.dll
0x0000020e36d90000 - 0x0000020e36d93000 	C:\Users\santi\.openjfx\cache\20.0.1+2\amd64\api-ms-win-crt-process-l1-1-0.dll
0x0000020e36da0000 - 0x0000020e36da4000 	C:\Users\santi\.openjfx\cache\20.0.1+2\amd64\api-ms-win-crt-runtime-l1-1-0.dll
0x0000020e36db0000 - 0x0000020e36db4000 	C:\Users\santi\.openjfx\cache\20.0.1+2\amd64\api-ms-win-crt-stdio-l1-1-0.dll
0x0000020e36dc0000 - 0x0000020e36dc4000 	C:\Users\santi\.openjfx\cache\20.0.1+2\amd64\api-ms-win-crt-string-l1-1-0.dll
0x0000020e36dd0000 - 0x0000020e36dd3000 	C:\Users\santi\.openjfx\cache\20.0.1+2\amd64\api-ms-win-crt-time-l1-1-0.dll
0x0000020e36de0000 - 0x0000020e36de3000 	C:\Users\santi\.openjfx\cache\20.0.1+2\amd64\api-ms-win-crt-utility-l1-1-0.dll
0x00007ff956530000 - 0x00007ff95662c000 	C:\Users\santi\.openjfx\cache\20.0.1+2\amd64\ucrtbase.dll
0x00007ff97f400000 - 0x00007ff97f41b000 	C:\Users\santi\.openjfx\cache\20.0.1+2\amd64\vcruntime140.dll
0x00007ff9886d0000 - 0x00007ff9886dc000 	C:\Users\santi\.openjfx\cache\20.0.1+2\amd64\vcruntime140_1.dll
0x00007ff951350000 - 0x00007ff9513de000 	C:\Users\santi\.openjfx\cache\20.0.1+2\amd64\msvcp140.dll
0x00007ff988690000 - 0x00007ff988699000 	C:\Users\santi\.openjfx\cache\20.0.1+2\amd64\msvcp140_1.dll
0x00007ff97f3d0000 - 0x00007ff97f400000 	C:\Users\santi\.openjfx\cache\20.0.1+2\amd64\msvcp140_2.dll
0x00007ff9741f0000 - 0x00007ff97421f000 	C:\Users\santi\.openjfx\cache\20.0.1+2\amd64\prism_d3d.dll
0x00007ff9543c0000 - 0x00007ff95458d000 	C:\WINDOWS\system32\d3d9.dll
0x00007ff98b250000 - 0x00007ff98b27f000 	C:\WINDOWS\SYSTEM32\dwmapi.dll
0x00007ff98ae90000 - 0x00007ff98af2e000 	C:\WINDOWS\system32\uxtheme.dll
0x00007ff982e90000 - 0x00007ff982f4c000 	C:\WINDOWS\System32\DriverStore\FileRepository\nv_dispi.inf_amd64_8c8de08a85de4474\nvldumdx.dll
0x00007ff98d0c0000 - 0x00007ff98d0d2000 	C:\WINDOWS\SYSTEM32\msasn1.dll
0x00007ff983830000 - 0x00007ff983861000 	C:\WINDOWS\SYSTEM32\cryptnet.dll
0x00007ff98dbf0000 - 0x00007ff98dd4e000 	C:\WINDOWS\System32\CRYPT32.dll
0x00007ff9836a0000 - 0x00007ff9837e8000 	C:\WINDOWS\SYSTEM32\drvstore.dll
0x00007ff98d280000 - 0x00007ff98d2b3000 	C:\WINDOWS\SYSTEM32\devobj.dll
0x00007ff98d7f0000 - 0x00007ff98d83e000 	C:\WINDOWS\System32\cfgmgr32.dll
0x00007ff98cdc0000 - 0x00007ff98cdcc000 	C:\WINDOWS\SYSTEM32\cryptbase.dll
0x00007ff98db80000 - 0x00007ff98dbe7000 	C:\WINDOWS\System32\wintrust.dll
0x00007ff98f250000 - 0x00007ff98f26d000 	C:\WINDOWS\System32\imagehlp.dll
0x00007ff98ce90000 - 0x00007ff98cea8000 	C:\WINDOWS\SYSTEM32\CRYPTSP.dll
0x00007ff98c4f0000 - 0x00007ff98c524000 	C:\WINDOWS\system32\rsaenh.dll
0x00007ff98da90000 - 0x00007ff98dab7000 	C:\WINDOWS\System32\bcrypt.dll
0x00007ff917ab0000 - 0x00007ff91ac3d000 	C:\WINDOWS\System32\DriverStore\FileRepository\nv_dispi.inf_amd64_8c8de08a85de4474\nvd3dumx.dll
0x00007ff9610a0000 - 0x00007ff9610e2000 	C:\Users\santi\.openjfx\cache\20.0.1+2\amd64\glass.dll
0x00007ff98fa30000 - 0x00007ff98fb0a000 	C:\WINDOWS\System32\COMDLG32.dll
0x00007ff98de70000 - 0x00007ff98df9a000 	C:\WINDOWS\System32\ole32.dll
0x00007ff98f2d0000 - 0x00007ff98f39d000 	C:\WINDOWS\System32\OLEAUT32.dll
0x00007ff98f550000 - 0x00007ff98f664000 	C:\WINDOWS\System32\MSCTF.dll
0x00007ff944e80000 - 0x00007ff945151000 	C:\WINDOWS\system32\nvspcap64.dll
0x00007ff98c610000 - 0x00007ff98c643000 	C:\WINDOWS\SYSTEM32\ntmarta.dll
0x00007ff98bd10000 - 0x00007ff98bd33000 	C:\WINDOWS\SYSTEM32\gpapi.dll
0x00007ff9837f0000 - 0x00007ff98382b000 	C:\WINDOWS\SYSTEM32\dxcore.dll
0x00007ff97f250000 - 0x00007ff97f264000 	C:\Users\santi\.openjfx\cache\20.0.1+2\amd64\javafx_font.dll
0x00007ff963ed0000 - 0x00007ff96414f000 	C:\WINDOWS\SYSTEM32\dwrite.dll
0x00007ff98e410000 - 0x00007ff98e4b9000 	C:\WINDOWS\System32\clbcatq.dll
0x00007ff986b40000 - 0x00007ff986cf4000 	C:\WINDOWS\SYSTEM32\WindowsCodecs.dll
0x00007ff961a90000 - 0x00007ff961ace000 	C:\WINDOWS\system32\dataexchange.dll
0x00007ff989170000 - 0x00007ff9893d3000 	C:\WINDOWS\system32\d3d11.dll
0x00007ff98a0f0000 - 0x00007ff98a2d3000 	C:\WINDOWS\system32\dcomp.dll

dbghelp: loaded successfully - version: 4.0.5 - missing functions: none
symbol engine: initialized successfully - sym options: 0x614 - pdb path: .;C:\Program Files\Java\jdk-17\bin;C:\WINDOWS\SYSTEM32;C:\WINDOWS\WinSxS\amd64_microsoft.windows.common-controls_6595b64144ccf1df_6.0.19041.1110_none_60b5254171f9507e;C:\Program Files\Java\jdk-17\bin\server;C:\Program Files\JetBrains\IntelliJ IDEA Community Edition 2022.3.2\bin;C:\Users\santi\.openjfx\cache\20.0.1+2\amd64;C:\WINDOWS\System32\DriverStore\FileRepository\nv_dispi.inf_amd64_8c8de08a85de4474;C:\Program Files\Common Files\Microsoft Shared\Ink

VM Arguments:
jvm_args: -javaagent:C:\Program Files\JetBrains\IntelliJ IDEA Community Edition 2022.3.2\lib\idea_rt.jar=63491:C:\Program Files\JetBrains\IntelliJ IDEA Community Edition 2022.3.2\bin -Dfile.encoding=UTF-8 --module-path=C:\Users\santi\.m2\repository\org\openjfx\javafx-fxml\20.0.1\javafx-fxml-20.0.1-win.jar;C:\Users\santi\.m2\repository\org\openjfx\javafx-graphics\20.0.1\javafx-graphics-20.0.1-win.jar;C:\Users\santi\Jeremias\Universidad\QuintoSemestre\Software\proyecto-final\ws\ProyectoPanaderiaTT\target\classes;C:\Users\santi\.m2\repository\org\openjfx\javafx-base\20.0.1\javafx-base-20.0.1-win.jar;C:\Users\santi\.m2\repository\org\openjfx\javafx-controls\20.0.1\javafx-controls-20.0.1-win.jar;C:\Users\santi\.m2\repository\com\sun\activation\jakarta.activation\1.2.1\jakarta.activation-1.2.1.jar;C:\Users\santi\.m2\repository\com\sun\mail\jakarta.mail\1.6.7\jakarta.mail-1.6.7.jar -Djdk.module.main=com.proyect.proyectopanaderiatt 
java_command: com.proyect.proyectopanaderiatt/com.proyect.proyectopanaderiatt.Application.Application
java_class_path (initial): C:\Users\santi\.m2\repository\org\openjfx\javafx-controls\20.0.1\javafx-controls-20.0.1.jar;C:\Users\santi\.m2\repository\org\openjfx\javafx-graphics\20.0.1\javafx-graphics-20.0.1.jar;C:\Users\santi\.m2\repository\org\openjfx\javafx-base\20.0.1\javafx-base-20.0.1.jar;C:\Users\santi\.m2\repository\org\openjfx\javafx-fxml\20.0.1\javafx-fxml-20.0.1.jar
Launcher Type: SUN_STANDARD

[Global flags]
     intx CICompilerCount                          = 4                                         {product} {ergonomic}
     uint ConcGCThreads                            = 3                                         {product} {ergonomic}
     uint G1ConcRefinementThreads                  = 10                                        {product} {ergonomic}
   size_t G1HeapRegionSize                         = 2097152                                   {product} {ergonomic}
    uintx GCDrainStackTargetSize                   = 64                                        {product} {ergonomic}
   size_t InitialHeapSize                          = 268435456                                 {product} {ergonomic}
   size_t MarkStackSize                            = 4194304                                   {product} {ergonomic}
   size_t MaxHeapSize                              = 4267704320                                {product} {ergonomic}
   size_t MaxNewSize                               = 2560622592                                {product} {ergonomic}
   size_t MinHeapDeltaBytes                        = 2097152                                   {product} {ergonomic}
   size_t MinHeapSize                              = 8388608                                   {product} {ergonomic}
    uintx NonNMethodCodeHeapSize                   = 5839372                                {pd product} {ergonomic}
    uintx NonProfiledCodeHeapSize                  = 122909434                              {pd product} {ergonomic}
    uintx ProfiledCodeHeapSize                     = 122909434                              {pd product} {ergonomic}
    uintx ReservedCodeCacheSize                    = 251658240                              {pd product} {ergonomic}
     bool SegmentedCodeCache                       = true                                      {product} {ergonomic}
   size_t SoftMaxHeapSize                          = 4267704320                             {manageable} {ergonomic}
     bool UseCompressedClassPointers               = true                           {product lp64_product} {ergonomic}
     bool UseCompressedOops                        = true                           {product lp64_product} {ergonomic}
     bool UseG1GC                                  = true                                      {product} {ergonomic}
     bool UseLargePagesIndividualAllocation        = false                                  {pd product} {ergonomic}

Logging:
Log output configuration:
 #0: stdout all=warning uptime,level,tags
 #1: stderr all=off uptime,level,tags

Environment Variables:
PATH=C:\Program Files\Microsoft\jdk-11.0.16.101-hotspot\bin;C:\Program Files\Eclipse Adoptium\jdk-17.0.8.7-hotspot\bin;C:\Program Files\Common Files\Oracle\Java\javapath;C:\Program Files (x86)\Common Files\Oracle\Java\javapath;C:\ProgramData\Oracle\Java\javapath;C:\WINDOWS\system32;C:\WINDOWS;C:\WINDOWS\System32\Wbem;C:\WINDOWS\System32\WindowsPowerShell\v1.0\;C:\WINDOWS\System32\OpenSSH\;C:\Program Files\NVIDIA Corporation\NVIDIA NvDLISR;C:\Program Files\Git\cmd;C:\Users\santi\AppData\Local\Programs\Python\Python39\Scripts\;C:\Users\santi\AppData\Local\Programs\Python\Python39\;C:\Users\santi\AppData\Local\Microsoft\WindowsApps;C:\Users\santi\AppData\Local\Programs\Microsoft VS Code\bin;C:\Program Files\Multipass\bin;C:\Users\santi\AppData\Local\GitHubDesktop\bin
USERNAME=santi
OS=Windows_NT
PROCESSOR_IDENTIFIER=AMD64 Family 25 Model 33 Stepping 0, AuthenticAMD



---------------  S Y S T E M  ---------------

OS:
 Windows 10 , 64 bit Build 19041 (10.0.19041.3393)
OS uptime: 0 days 15:20 hours
Hyper-V role detected

CPU: total 12 (initial active 12) (12 cores per cpu, 2 threads per core) family 25 model 33 stepping 0 microcode 0x0, cx8, cmov, fxsr, ht, mmx, 3dnowpref, sse, sse2, sse3, ssse3, sse4a, sse4.1, sse4.2, popcnt, lzcnt, tsc, tscinvbit, avx, avx2, aes, erms, clmul, bmi1, bmi2, adx, sha, fma, vzeroupper, clflush, clflushopt, hv

Memory: 4k page, system-wide physical 16274M (5402M free)
TotalPageFile size 18322M (AvailPageFile size 8M)
current process WorkingSet (physical memory assigned to process): 135M, peak: 138M
current process commit charge ("private bytes"): 415M, peak: 421M

vm_info: Java HotSpot(TM) 64-Bit Server VM (17.0.6+9-LTS-190) for windows-amd64 JRE (17.0.6+9-LTS-190), built on Dec  6 2022 15:53:54 by "mach5one" with MS VC++ 17.1 (VS2022)

END.
